mode: set
aws-blended-instances-advisor/config/config.go:77.34,85.2 3 1
aws-blended-instances-advisor/config/config.go:92.52,94.16 2 1
aws-blended-instances-advisor/config/config.go:98.2,116.16 3 1
aws-blended-instances-advisor/config/config.go:119.2,120.16 2 1
aws-blended-instances-advisor/config/config.go:124.2,124.18 1 1
aws-blended-instances-advisor/config/config.go:94.16,96.3 1 0
aws-blended-instances-advisor/config/config.go:116.16,118.3 1 0
aws-blended-instances-advisor/config/config.go:120.16,122.3 1 0
aws-blended-instances-advisor/config/config.go:129.35,132.11 2 1
aws-blended-instances-advisor/config/config.go:136.2,136.12 1 1
aws-blended-instances-advisor/config/config.go:132.11,134.3 1 0
aws-blended-instances-advisor/instances/aggregates.go:27.60,37.37 7 1
aws-blended-instances-advisor/instances/aggregates.go:51.2,66.3 2 1
aws-blended-instances-advisor/instances/aggregates.go:37.37,49.3 9 1
aws-blended-instances-advisor/instances/aggregates.go:73.55,74.32 1 1
aws-blended-instances-advisor/instances/aggregates.go:77.2,77.69 1 1
aws-blended-instances-advisor/instances/aggregates.go:74.32,76.3 1 1
aws-blended-instances-advisor/instances/aggregates.go:84.76,85.83 1 1
aws-blended-instances-advisor/instances/aggregates.go:88.2,88.110 1 1
aws-blended-instances-advisor/instances/aggregates.go:85.83,87.3 1 1
aws-blended-instances-advisor/instances/aggregates.go:95.68,96.65 1 1
aws-blended-instances-advisor/instances/aggregates.go:99.2,99.84 1 1
aws-blended-instances-advisor/instances/aggregates.go:96.65,98.3 1 1
aws-blended-instances-advisor/instances/aggregates.go:103.54,104.20 1 1
aws-blended-instances-advisor/instances/aggregates.go:108.2,109.27 2 1
aws-blended-instances-advisor/instances/aggregates.go:137.2,137.17 1 1
aws-blended-instances-advisor/instances/aggregates.go:104.20,106.3 1 0
aws-blended-instances-advisor/instances/aggregates.go:109.27,135.3 12 1
aws-blended-instances-advisor/instances/info.go:35.14,47.2 2 0
aws-blended-instances-advisor/instances/info.go:55.17,58.33 2 0
aws-blended-instances-advisor/instances/info.go:66.2,66.22 1 0
aws-blended-instances-advisor/instances/info.go:58.33,65.3 2 0
aws-blended-instances-advisor/instances/info.go:70.98,82.2 4 0
aws-blended-instances-advisor/instances/info.go:85.72,87.37 2 0
aws-blended-instances-advisor/instances/info.go:90.2,90.35 1 0
aws-blended-instances-advisor/instances/info.go:87.37,89.3 1 0
aws-blended-instances-advisor/instances/info.go:95.65,101.53 2 0
aws-blended-instances-advisor/instances/info.go:101.53,110.3 1 0
aws-blended-instances-advisor/instances/info.go:117.42,120.53 2 0
aws-blended-instances-advisor/instances/info.go:131.2,131.51 1 0
aws-blended-instances-advisor/instances/info.go:139.2,139.12 1 0
aws-blended-instances-advisor/instances/info.go:120.53,122.17 2 0
aws-blended-instances-advisor/instances/info.go:128.3,128.96 1 0
aws-blended-instances-advisor/instances/info.go:122.17,127.4 1 0
aws-blended-instances-advisor/instances/info.go:131.51,137.3 1 0
aws-blended-instances-advisor/instances/info.go:146.42,151.32 4 0
aws-blended-instances-advisor/instances/info.go:154.2,154.32 1 0
aws-blended-instances-advisor/instances/info.go:158.2,158.61 1 0
aws-blended-instances-advisor/instances/info.go:165.2,165.61 1 0
aws-blended-instances-advisor/instances/info.go:172.2,172.55 1 0
aws-blended-instances-advisor/instances/info.go:180.2,180.12 1 0
aws-blended-instances-advisor/instances/info.go:151.32,153.3 1 0
aws-blended-instances-advisor/instances/info.go:154.32,156.3 1 0
aws-blended-instances-advisor/instances/info.go:158.61,164.3 1 0
aws-blended-instances-advisor/instances/info.go:165.61,171.3 1 0
aws-blended-instances-advisor/instances/info.go:172.55,178.3 1 0
aws-blended-instances-advisor/instances/instance.go:23.62,35.2 1 0
aws-blended-instances-advisor/instances/instance.go:38.44,50.2 1 0
aws-blended-instances-advisor/cache/cache.go:34.47,36.16 2 1
aws-blended-instances-advisor/cache/cache.go:40.2,41.16 2 1
aws-blended-instances-advisor/cache/cache.go:44.2,47.8 1 1
aws-blended-instances-advisor/cache/cache.go:36.16,38.3 1 0
aws-blended-instances-advisor/cache/cache.go:41.16,43.3 1 0
aws-blended-instances-advisor/cache/cache.go:53.54,55.16 2 1
aws-blended-instances-advisor/cache/cache.go:59.2,60.16 2 1
aws-blended-instances-advisor/cache/cache.go:67.2,69.16 3 1
aws-blended-instances-advisor/cache/cache.go:72.2,74.16 2 1
aws-blended-instances-advisor/cache/cache.go:55.16,57.3 1 0
aws-blended-instances-advisor/cache/cache.go:60.16,65.3 1 1
aws-blended-instances-advisor/cache/cache.go:69.16,71.3 1 0
aws-blended-instances-advisor/cache/cache.go:81.64,83.16 2 0
aws-blended-instances-advisor/cache/cache.go:87.2,88.16 2 0
aws-blended-instances-advisor/cache/cache.go:92.2,92.13 1 0
aws-blended-instances-advisor/cache/cache.go:95.2,95.33 1 0
aws-blended-instances-advisor/cache/cache.go:83.16,85.3 1 0
aws-blended-instances-advisor/cache/cache.go:88.16,90.3 1 0
aws-blended-instances-advisor/cache/cache.go:92.13,94.3 1 0
aws-blended-instances-advisor/cache/cache.go:100.47,103.2 2 1
aws-blended-instances-advisor/cache/cache.go:107.63,108.27 1 1
aws-blended-instances-advisor/cache/cache.go:111.2,112.20 2 1
aws-blended-instances-advisor/cache/cache.go:108.27,110.3 1 1
aws-blended-instances-advisor/cache/cache.go:117.46,118.27 1 1
aws-blended-instances-advisor/cache/cache.go:121.2,122.16 2 1
aws-blended-instances-advisor/cache/cache.go:125.2,125.49 1 1
aws-blended-instances-advisor/cache/cache.go:118.27,120.3 1 1
aws-blended-instances-advisor/cache/cache.go:122.16,124.3 1 0
aws-blended-instances-advisor/cache/cache.go:130.53,131.26 1 1
aws-blended-instances-advisor/cache/cache.go:134.2,135.16 2 1
aws-blended-instances-advisor/cache/cache.go:138.2,138.22 1 1
aws-blended-instances-advisor/cache/cache.go:131.26,133.3 1 1
aws-blended-instances-advisor/cache/cache.go:135.16,137.3 1 0
aws-blended-instances-advisor/cache/cache.go:144.69,145.27 1 1
aws-blended-instances-advisor/cache/cache.go:149.2,150.16 2 1
aws-blended-instances-advisor/cache/cache.go:154.2,154.33 1 1
aws-blended-instances-advisor/cache/cache.go:145.27,147.3 1 0
aws-blended-instances-advisor/cache/cache.go:150.16,152.3 1 0
aws-blended-instances-advisor/cache/cache.go:160.91,162.16 2 1
aws-blended-instances-advisor/cache/cache.go:166.2,167.16 2 1
aws-blended-instances-advisor/cache/cache.go:171.2,183.16 6 1
aws-blended-instances-advisor/cache/cache.go:193.2,193.12 1 1
aws-blended-instances-advisor/cache/cache.go:162.16,164.3 1 0
aws-blended-instances-advisor/cache/cache.go:167.16,169.3 1 0
aws-blended-instances-advisor/cache/cache.go:183.16,184.25 1 0
aws-blended-instances-advisor/cache/cache.go:187.3,190.4 1 0
aws-blended-instances-advisor/cache/cache.go:184.25,186.4 1 0
aws-blended-instances-advisor/cache/cache.go:196.65,198.2 1 1
aws-blended-instances-advisor/cache/cache.go:200.64,202.2 1 1
aws-blended-instances-advisor/cache/cache.go:204.59,206.2 1 1
aws-blended-instances-advisor/cache/cache.go:208.40,210.16 2 1
aws-blended-instances-advisor/cache/cache.go:214.2,215.16 2 1
aws-blended-instances-advisor/cache/cache.go:219.2,220.12 2 1
aws-blended-instances-advisor/cache/cache.go:210.16,212.3 1 0
aws-blended-instances-advisor/cache/cache.go:215.16,217.3 1 0
aws-blended-instances-advisor/instances/sort/sort.go:11.84,12.65 1 1
aws-blended-instances-advisor/instances/sort/sort.go:12.65,14.3 1 1
aws-blended-instances-advisor/instances/sort/sort.go:19.85,20.65 1 1
aws-blended-instances-advisor/instances/sort/sort.go:20.65,22.3 1 1
aws-blended-instances-advisor/instances/sort/sort.go:27.83,28.65 1 1
aws-blended-instances-advisor/instances/sort/sort.go:28.65,30.3 1 1
aws-blended-instances-advisor/instances/sort/sort.go:35.100,36.65 1 1
aws-blended-instances-advisor/instances/sort/sort.go:36.65,38.3 1 1
aws-blended-instances-advisor/instances/sort/sort.go:43.85,44.65 1 1
aws-blended-instances-advisor/instances/sort/sort.go:44.65,49.3 1 1
aws-blended-instances-advisor/instances/sort/sort.go:61.3,62.65 1 0
aws-blended-instances-advisor/instances/sort/sort.go:62.65,74.3 3 0
aws-blended-instances-advisor/instances/sort/sort.go:88.3,89.65 1 0
aws-blended-instances-advisor/instances/sort/sort.go:89.65,103.3 3 0
aws-blended-instances-advisor/instances/sort/sort.go:116.11,124.2 4 0
aws-blended-instances-advisor/instances/sort/sort.go:134.11,135.30 1 0
aws-blended-instances-advisor/instances/sort/sort.go:143.2,147.3 1 0
aws-blended-instances-advisor/instances/sort/sort.go:135.30,142.3 1 0
aws-blended-instances-advisor/instances/sort/sort.go:155.11,163.2 4 0
aws-blended-instances-advisor/instances/sort/weights.go:14.81,20.2 1 0
aws-blended-instances-advisor/instances/search/search.go:16.105,18.16 2 1
aws-blended-instances-advisor/instances/search/search.go:22.2,23.58 2 1
aws-blended-instances-advisor/instances/search/search.go:27.2,28.16 2 1
aws-blended-instances-advisor/instances/search/search.go:32.2,32.32 1 1
aws-blended-instances-advisor/instances/search/search.go:18.16,20.3 1 1
aws-blended-instances-advisor/instances/search/search.go:23.58,25.3 1 1
aws-blended-instances-advisor/instances/search/search.go:28.16,30.3 1 0
aws-blended-instances-advisor/instances/search/search.go:39.117,41.16 2 1
aws-blended-instances-advisor/instances/search/search.go:45.2,46.64 2 1
aws-blended-instances-advisor/instances/search/search.go:50.2,51.16 2 1
aws-blended-instances-advisor/instances/search/search.go:55.2,55.32 1 1
aws-blended-instances-advisor/instances/search/search.go:41.16,43.3 1 1
aws-blended-instances-advisor/instances/search/search.go:46.64,48.3 1 1
aws-blended-instances-advisor/instances/search/search.go:51.16,53.3 1 1
aws-blended-instances-advisor/instances/search/search.go:59.108,62.2 2 0
aws-blended-instances-advisor/instances/search/search.go:65.103,67.16 2 1
aws-blended-instances-advisor/instances/search/search.go:71.2,72.58 2 1
aws-blended-instances-advisor/instances/search/search.go:76.2,77.16 2 1
aws-blended-instances-advisor/instances/search/search.go:81.2,81.32 1 1
aws-blended-instances-advisor/instances/search/search.go:67.16,69.3 1 0
aws-blended-instances-advisor/instances/search/search.go:72.58,74.3 1 1
aws-blended-instances-advisor/instances/search/search.go:77.16,79.3 1 0
aws-blended-instances-advisor/instances/search/search.go:85.115,87.16 2 1
aws-blended-instances-advisor/instances/search/search.go:91.2,92.64 2 1
aws-blended-instances-advisor/instances/search/search.go:96.2,97.16 2 1
aws-blended-instances-advisor/instances/search/search.go:101.2,101.32 1 1
aws-blended-instances-advisor/instances/search/search.go:87.16,89.3 1 1
aws-blended-instances-advisor/instances/search/search.go:92.64,94.3 1 1
aws-blended-instances-advisor/instances/search/search.go:97.16,99.3 1 1
aws-blended-instances-advisor/instances/search/search.go:105.106,108.2 2 0
aws-blended-instances-advisor/instances/search/search.go:111.97,113.16 2 1
aws-blended-instances-advisor/instances/search/search.go:117.2,118.58 2 1
aws-blended-instances-advisor/instances/search/search.go:122.2,123.16 2 1
aws-blended-instances-advisor/instances/search/search.go:127.2,127.32 1 1
aws-blended-instances-advisor/instances/search/search.go:113.16,115.3 1 1
aws-blended-instances-advisor/instances/search/search.go:118.58,120.3 1 1
aws-blended-instances-advisor/instances/search/search.go:123.16,125.3 1 0
aws-blended-instances-advisor/instances/search/search.go:131.109,133.16 2 1
aws-blended-instances-advisor/instances/search/search.go:137.2,138.64 2 1
aws-blended-instances-advisor/instances/search/search.go:142.2,143.16 2 1
aws-blended-instances-advisor/instances/search/search.go:147.2,147.32 1 1
aws-blended-instances-advisor/instances/search/search.go:133.16,135.3 1 1
aws-blended-instances-advisor/instances/search/search.go:138.64,140.3 1 1
aws-blended-instances-advisor/instances/search/search.go:143.16,145.3 1 1
aws-blended-instances-advisor/instances/search/search.go:151.100,154.2 2 0
aws-blended-instances-advisor/instances/search/search.go:157.125,159.16 2 1
aws-blended-instances-advisor/instances/search/search.go:163.2,164.58 2 1
aws-blended-instances-advisor/instances/search/search.go:168.2,169.16 2 1
aws-blended-instances-advisor/instances/search/search.go:173.2,173.32 1 1
aws-blended-instances-advisor/instances/search/search.go:159.16,161.3 1 1
aws-blended-instances-advisor/instances/search/search.go:164.58,166.3 1 1
aws-blended-instances-advisor/instances/search/search.go:169.16,171.3 1 0
aws-blended-instances-advisor/instances/search/search.go:177.137,179.16 2 1
aws-blended-instances-advisor/instances/search/search.go:183.2,184.64 2 1
aws-blended-instances-advisor/instances/search/search.go:188.2,189.16 2 1
aws-blended-instances-advisor/instances/search/search.go:193.2,193.32 1 1
aws-blended-instances-advisor/instances/search/search.go:179.16,181.3 1 1
aws-blended-instances-advisor/instances/search/search.go:184.64,186.3 1 1
aws-blended-instances-advisor/instances/search/search.go:189.16,191.3 1 1
aws-blended-instances-advisor/instances/search/search.go:197.128,200.2 2 0
